SF:lib\core\infrastructure\auth\presentation\bloc\authentication\authentication_bloc.dart
DA:33,1
DA:36,2
DA:37,2
DA:38,2
DA:44,1
DA:46,1
DA:47,2
DA:50,1
DA:52,4
DA:53,3
DA:54,1
DA:55,4
DA:57,0
DA:63,4
DA:64,1
LF:15
LH:14
end_of_record
SF:lib\features\login\domain\usecase\login_usecase.dart
DA:10,0
DA:12,0
DA:15,0
DA:17,0
LF:4
LH:0
end_of_record
SF:lib\ui\helper\navigation_service.dart
DA:7,0
DA:9,0
DA:10,0
DA:13,0
DA:14,0
DA:17,0
DA:18,0
DA:21,0
DA:22,0
DA:25,0
DA:26,0
DA:29,0
LF:12
LH:0
end_of_record
SF:lib\core\infrastructure\comon\app_usecase.dart
DA:6,0
DA:7,0
DA:8,0
LF:3
LH:0
end_of_record
SF:lib\features\recipes\data\model\recipe_model.g.dart
DA:13,0
DA:15,0
DA:16,0
DA:17,0
DA:19,0
DA:20,0
DA:21,0
DA:22,0
DA:23,0
DA:24,0
DA:25,0
DA:26,0
DA:27,0
DA:28,0
DA:29,0
DA:30,0
DA:31,0
DA:35,0
DA:38,0
DA:39,0
DA:40,0
DA:41,0
DA:42,0
DA:43,0
DA:44,0
DA:45,0
DA:46,0
DA:47,0
DA:48,0
DA:49,0
DA:50,0
DA:51,0
DA:52,0
DA:53,0
DA:54,0
DA:55,0
DA:56,0
DA:57,0
DA:58,0
DA:59,0
DA:60,0
DA:61,0
DA:62,0
DA:65,0
DA:66,0
DA:68,0
DA:71,0
DA:72,0
DA:73,0
DA:80,0
DA:81,0
DA:82,0
DA:83,0
DA:84,0
DA:85,0
DA:86,0
DA:87,0
DA:88,0
DA:89,0
DA:90,0
DA:91,0
DA:92,0
DA:93,0
DA:94,0
DA:97,0
DA:98,0
DA:99,0
DA:100,0
DA:101,0
DA:102,0
DA:103,0
DA:104,0
DA:105,0
DA:106,0
DA:107,0
DA:108,0
DA:109,0
DA:110,0
LF:78
LH:0
end_of_record
SF:lib\features\recipes\data\model\recipe_model.dart
DA:35,0
DA:50,0
DA:52,0
DA:53,0
DA:55,0
LF:5
LH:0
end_of_record
SF:lib\features\favorite\domain\usecase\favorite_usecase.dart
DA:9,0
DA:11,0
DA:13,0
LF:3
LH:0
end_of_record
SF:lib\ui\resources\app_strings.dart
DA:28,0
DA:30,0
LF:2
LH:0
end_of_record
SF:lib\core\infrastructure\comon\app_exceptions.dart
DA:2,0
DA:7,0
LF:2
LH:0
end_of_record
